<?xml version="1.0" encoding="UTF-8"?>
<!-- Generated by org.testng.reporters.JUnitReportReporter -->
<testsuite skipped="0" hostname="DESKTOP-77T8OHD" name="com.amazon.AppTest" tests="1" failures="0" timestamp="29 Dec 2021 00:13:23 GMT" time="0.013" errors="0">
  <testcase name="shouldAnswerWithTrue" time="0.013" classname="com.amazon.AppTest"/>
</testsuite> <!-- com.amazon.AppTest -->
